<?xml version="1.0" encoding="UTF-8"?>
<!-- Generated by org.testng.reporters.JUnitXMLReporter -->
<testsuite ignored="0" hostname="DESKTOP-LCEEPR7" failures="0" tests="4" name="Default test" time="5.796" errors="0" timestamp="2024-09-04T11:43:59 IST">
  <testcase classname="com.apitesting.testcases.TC001_Get_Testcase" name="getbody" time="0.084"/>
  <testcase classname="com.apitesting.testcases.TC001_Get_Testcase" name="statuscode" time="0.003"/>
  <testcase classname="com.apitesting.testcases.TC001_Get_Testcase" name="statusline" time="0.003"/>
  <testcase classname="com.apitesting.testcases.TC001_Get_Testcase" name="time" time="0.004"/>
</testsuite> <!-- Default test -->
