<?xml version="1.0" encoding="UTF-8"?>
<!-- Generated by org.testng.reporters.JUnitXMLReporter -->
<testsuite ignored="0" hostname="DESKTOP-LCEEPR7" failures="0" tests="6" name="RestAssuredTestsuite" time="8.264" errors="0" timestamp="2024-09-03T19:15:12 IST">
  <testcase classname="com.apitesting.testcases.TC002_Testcase" name="body" time="0.062"/>
  <testcase classname="com.apitesting.testcases.TC002_Testcase" name="statuscode" time="0.004"/>
  <testcase classname="com.apitesting.testcases.TC001_Testcase" name="getbody" time="0.044"/>
  <testcase classname="com.apitesting.testcases.TC001_Testcase" name="statuscode" time="0.005"/>
  <testcase classname="com.apitesting.testcases.TC001_Testcase" name="statusline" time="0.003"/>
  <testcase classname="com.apitesting.testcases.TC003_Testcase" name="code" time="0.006"/>
</testsuite> <!-- RestAssuredTestsuite -->
