<?xml version="1.0" encoding="UTF-8"?>
<!-- Generated by org.testng.reporters.JUnitXMLReporter -->
<testsuite ignored="0" hostname="DESKTOP-LCEEPR7" failures="0" tests="11" name="RestAssuredTestsuite" time="8.617" errors="0" timestamp="2024-09-04T12:22:00 IST">
  <testcase classname="com.apitesting.testcases.TC001_Get_Testcase" name="get_body" time="0.06"/>
  <testcase classname="com.apitesting.testcases.TC001_Get_Testcase" name="get_responsetime" time="0.007"/>
  <testcase classname="com.apitesting.testcases.TC001_Get_Testcase" name="get_statuscode" time="0.003"/>
  <testcase classname="com.apitesting.testcases.TC001_Get_Testcase" name="get_statusline" time="0.003"/>
  <testcase classname="com.apitesting.testcases.TC002_Post_Testcase" name="post_responsebody" time="0.006"/>
  <testcase classname="com.apitesting.testcases.TC002_Post_Testcase" name="post_responsetime" time="0.003"/>
  <testcase classname="com.apitesting.testcases.TC002_Post_Testcase" name="post_statuscode" time="0.003"/>
  <testcase classname="com.apitesting.testcases.TC003_Del_Testcase" name="del_code" time="0.003"/>
  <testcase classname="com.apitesting.testcases.TC004_Put_Testcase" name="put_responsebody" time="0.01"/>
  <testcase classname="com.apitesting.testcases.TC004_Put_Testcase" name="put_responsetime" time="0.004"/>
  <testcase classname="com.apitesting.testcases.TC004_Put_Testcase" name="put_stscode" time="0.005"/>
</testsuite> <!-- RestAssuredTestsuite -->
