<?xml version="1.0" encoding="UTF-8"?>
<testng-results ignored="0" total="2" passed="2" failed="0" skipped="0">
  <reporter-output>
  </reporter-output>
  <suite started-at="2024-09-03T16:04:35 IST" name="Default suite" finished-at="2024-09-03T16:04:39 IST" duration-ms="3178">
    <groups>
    </groups>
    <test started-at="2024-09-03T16:04:35 IST" name="Default test" finished-at="2024-09-03T16:04:39 IST" duration-ms="3178">
      <class name="com.apitesting.testcases.TC002_Testcase">
        <test-method is-config="true" signature="updatedata()[pri:0, instance:com.apitesting.testcases.TC002_Testcase@7a35b0f5]" started-at="2024-09-03T16:04:35 IST" name="updatedata" finished-at="2024-09-03T16:04:38 IST" duration-ms="3046" status="PASS">
          <reporter-output>
          </reporter-output>
        </test-method> <!-- updatedata -->
        <test-method signature="body()[pri:0, instance:com.apitesting.testcases.TC002_Testcase@7a35b0f5]" started-at="2024-09-03T16:04:38 IST" name="body" finished-at="2024-09-03T16:04:39 IST" duration-ms="50" status="PASS">
          <reporter-output>
          </reporter-output>
        </test-method> <!-- body -->
        <test-method signature="statuscode()[pri:0, instance:com.apitesting.testcases.TC002_Testcase@7a35b0f5]" started-at="2024-09-03T16:04:39 IST" name="statuscode" finished-at="2024-09-03T16:04:39 IST" duration-ms="2" status="PASS">
          <reporter-output>
          </reporter-output>
        </test-method> <!-- statuscode -->
      </class> <!-- com.apitesting.testcases.TC002_Testcase -->
    </test> <!-- Default test -->
  </suite> <!-- Default suite -->
</testng-results>
